<?xml version="1.0" encoding="UTF-8"?>
<testng-results ignored="0" total="1" passed="1" failed="0" skipped="0">
  <reporter-output>
  </reporter-output>
  <suite started-at="2022-08-03T14:13:23 AST" name="Default suite" finished-at="2022-08-03T14:14:01 AST" duration-ms="37647">
    <groups>
    </groups>
    <test started-at="2022-08-03T14:13:23 AST" name="Default test" finished-at="2022-08-03T14:14:01 AST" duration-ms="37647">
      <class name="Day4.Copy_and_Paste_a_Web_Element_Value">
        <test-method signature="events()[pri:0, instance:Day4.Copy_and_Paste_a_Web_Element_Value@ed7f8b4]" started-at="2022-08-03T14:13:23 AST" name="events" finished-at="2022-08-03T14:14:01 AST" duration-ms="37586" status="PASS">
          <reporter-output>
          </reporter-output>
        </test-method> <!-- events -->
      </class> <!-- Day4.Copy_and_Paste_a_Web_Element_Value -->
    </test> <!-- Default test -->
  </suite> <!-- Default suite -->
</testng-results>
