<?xml version="1.0" encoding="UTF-8"?>
<testng-results ignored="0" total="1" passed="1" failed="0" skipped="0">
  <reporter-output>
  </reporter-output>
  <suite started-at="2022-08-06T03:23:23 AST" name="Default suite" finished-at="2022-08-06T03:23:57 AST" duration-ms="33932">
    <groups>
    </groups>
    <test started-at="2022-08-06T03:23:23 AST" name="Default test" finished-at="2022-08-06T03:23:57 AST" duration-ms="33932">
      <class name="Day5.DragandDrop">
        <test-method signature="dragdrop()[pri:0, instance:Day5.DragandDrop@ed7f8b4]" started-at="2022-08-06T03:23:23 AST" name="dragdrop" finished-at="2022-08-06T03:23:57 AST" duration-ms="33875" status="PASS">
          <reporter-output>
          </reporter-output>
        </test-method> <!-- dragdrop -->
      </class> <!-- Day5.DragandDrop -->
    </test> <!-- Default test -->
  </suite> <!-- Default suite -->
</testng-results>
